<?xml version='1.0' encoding='UTF-8'?>
<testsuite hostname="ARSTEL-6822" name="objsets.TweetSetSuite" tests="7" errors="0" failures="0" skipped="0" time="0.255" timestamp="2020-02-08T12:35:11">
                     <properties>
[...]
</properties>
                     <testcase classname="objsets.TweetSetSuite" name="filter: a on set5" time="0.2">
                                                 
                                               </testcase><testcase classname="objsets.TweetSetSuite" name="filter: on empty set" time="0.015">
                                                 
                                               </testcase><testcase classname="objsets.TweetSetSuite" name="union: set4c and set4d" time="0.015">
                                                 
                                               </testcase><testcase classname="objsets.TweetSetSuite" name="descending: set5" time="0.007">
                                                 
                                               </testcase><testcase classname="objsets.TweetSetSuite" name="union: with empty set1" time="0.008">
                                                 
                                               </testcase><testcase classname="objsets.TweetSetSuite" name="union: with empty set2" time="0.005">
                                                 
                                               </testcase><testcase classname="objsets.TweetSetSuite" name="filter: twenty on set5" time="0.005">
                                                 
                                               </testcase>
                     <system-out><![CDATA[]]></system-out>
                     <system-err><![CDATA[]]></system-err>
                   </testsuite>